2018-06-02 21:55:29.350 +02:00 [Information] Starting web host
2018-06-02 21:56:02.322 +02:00 [Information] Starting web host
2018-06-02 21:56:40.546 +02:00 [Information] Starting web host
2018-06-02 21:57:12.764 +02:00 [Information] Starting web host
2018-06-02 21:58:51.928 +02:00 [Information] Starting web host
2018-06-02 21:59:37.586 +02:00 [Information] Starting web host
2018-06-02 22:00:06.992 +02:00 [Information] Starting web host
2018-06-02 22:00:49.818 +02:00 [Information] Starting web host
2018-06-02 22:00:56.271 +02:00 [Error] asdlfjhasdljfh
2018-06-02 22:00:56.354 +02:00 [Error]    at ColourCoded.Security.API.Controllers.RolesController.Test() in C:\SourceControl\ColourCoded.Security.API\ColourCoded.Security.API\Controllers\RolesController.cs:line 27
   at lambda_method(Closure , Object , Object[] )
   at Microsoft.AspNetCore.Mvc.Internal.ControllerActionInvoker.<InvokeActionMethodAsync>d__12.MoveNext()
   at Microsoft.AspNetCore.Mvc.Internal.ControllerActionInvoker.<InvokeNextActionFilterAsync>d__10.MoveNext()
   at Microsoft.AspNetCore.Mvc.Internal.ControllerActionInvoker.Rethrow(ActionExecutedContext context)
   at Microsoft.AspNetCore.Mvc.Internal.ControllerActionInvoker.Next(State& next, Scope& scope, Object& state, Boolean& isCompleted)
   at Microsoft.AspNetCore.Mvc.Internal.ControllerActionInvoker.<InvokeInnerFilterAsync>d__14.MoveNext()
   at Microsoft.AspNetCore.Mvc.Internal.ResourceInvoker.<InvokeNextExceptionFilterAsync>d__23.MoveNext()
2018-06-02 22:07:23.647 +02:00 [Information] Starting web host
2018-06-02 22:07:24.000 +02:00 [Warning] Using an in-memory repository. Keys will not be persisted to storage.
2018-06-02 22:07:24.002 +02:00 [Warning] Neither user profile nor HKLM registry available. Using an ephemeral key repository. Protected data will be unavailable when application exits.
2018-06-02 22:07:24.052 +02:00 [Warning] No XML encryptor configured. Key {0973b92d-f4f0-41b3-805f-dda6d16f7089} may be persisted to storage in unencrypted form.
2018-06-02 22:07:25.355 +02:00 [Error] asdlfjhasdljfh
2018-06-02 22:07:25.396 +02:00 [Error]    at ColourCoded.Security.API.Controllers.RolesController.Test() in C:\SourceControl\ColourCoded.Security.API\ColourCoded.Security.API\Controllers\RolesController.cs:line 27
   at lambda_method(Closure , Object , Object[] )
   at Microsoft.AspNetCore.Mvc.Internal.ControllerActionInvoker.<InvokeActionMethodAsync>d__12.MoveNext()
   at Microsoft.AspNetCore.Mvc.Internal.ControllerActionInvoker.<InvokeNextActionFilterAsync>d__10.MoveNext()
   at Microsoft.AspNetCore.Mvc.Internal.ControllerActionInvoker.Rethrow(ActionExecutedContext context)
   at Microsoft.AspNetCore.Mvc.Internal.ControllerActionInvoker.Next(State& next, Scope& scope, Object& state, Boolean& isCompleted)
   at Microsoft.AspNetCore.Mvc.Internal.ControllerActionInvoker.<InvokeInnerFilterAsync>d__14.MoveNext()
   at Microsoft.AspNetCore.Mvc.Internal.ResourceInvoker.<InvokeNextExceptionFilterAsync>d__23.MoveNext()
2018-06-02 22:07:41.984 +02:00 [Error] asdlfjhasdljfh
2018-06-02 22:07:41.987 +02:00 [Error]    at ColourCoded.Security.API.Controllers.RolesController.Test() in C:\SourceControl\ColourCoded.Security.API\ColourCoded.Security.API\Controllers\RolesController.cs:line 27
   at lambda_method(Closure , Object , Object[] )
   at Microsoft.AspNetCore.Mvc.Internal.ControllerActionInvoker.<InvokeActionMethodAsync>d__12.MoveNext()
   at Microsoft.AspNetCore.Mvc.Internal.ControllerActionInvoker.<InvokeNextActionFilterAsync>d__10.MoveNext()
   at Microsoft.AspNetCore.Mvc.Internal.ControllerActionInvoker.Rethrow(ActionExecutedContext context)
   at Microsoft.AspNetCore.Mvc.Internal.ControllerActionInvoker.Next(State& next, Scope& scope, Object& state, Boolean& isCompleted)
   at Microsoft.AspNetCore.Mvc.Internal.ControllerActionInvoker.<InvokeInnerFilterAsync>d__14.MoveNext()
   at Microsoft.AspNetCore.Mvc.Internal.ResourceInvoker.<InvokeNextExceptionFilterAsync>d__23.MoveNext()
2018-06-02 22:07:45.614 +02:00 [Error] asdlfjhasdljfh
2018-06-02 22:07:45.616 +02:00 [Error]    at ColourCoded.Security.API.Controllers.RolesController.Test() in C:\SourceControl\ColourCoded.Security.API\ColourCoded.Security.API\Controllers\RolesController.cs:line 27
   at lambda_method(Closure , Object , Object[] )
   at Microsoft.AspNetCore.Mvc.Internal.ControllerActionInvoker.<InvokeActionMethodAsync>d__12.MoveNext()
   at Microsoft.AspNetCore.Mvc.Internal.ControllerActionInvoker.<InvokeNextActionFilterAsync>d__10.MoveNext()
   at Microsoft.AspNetCore.Mvc.Internal.ControllerActionInvoker.Rethrow(ActionExecutedContext context)
   at Microsoft.AspNetCore.Mvc.Internal.ControllerActionInvoker.Next(State& next, Scope& scope, Object& state, Boolean& isCompleted)
   at Microsoft.AspNetCore.Mvc.Internal.ControllerActionInvoker.<InvokeInnerFilterAsync>d__14.MoveNext()
   at Microsoft.AspNetCore.Mvc.Internal.ResourceInvoker.<InvokeNextExceptionFilterAsync>d__23.MoveNext()
2018-06-02 22:07:50.842 +02:00 [Error] asdlfjhasdljfh
2018-06-02 22:07:50.844 +02:00 [Error]    at ColourCoded.Security.API.Controllers.RolesController.Test() in C:\SourceControl\ColourCoded.Security.API\ColourCoded.Security.API\Controllers\RolesController.cs:line 27
   at lambda_method(Closure , Object , Object[] )
   at Microsoft.AspNetCore.Mvc.Internal.ControllerActionInvoker.<InvokeActionMethodAsync>d__12.MoveNext()
   at Microsoft.AspNetCore.Mvc.Internal.ControllerActionInvoker.<InvokeNextActionFilterAsync>d__10.MoveNext()
   at Microsoft.AspNetCore.Mvc.Internal.ControllerActionInvoker.Rethrow(ActionExecutedContext context)
   at Microsoft.AspNetCore.Mvc.Internal.ControllerActionInvoker.Next(State& next, Scope& scope, Object& state, Boolean& isCompleted)
   at Microsoft.AspNetCore.Mvc.Internal.ControllerActionInvoker.<InvokeInnerFilterAsync>d__14.MoveNext()
   at Microsoft.AspNetCore.Mvc.Internal.ResourceInvoker.<InvokeNextExceptionFilterAsync>d__23.MoveNext()
2018-06-02 22:07:51.766 +02:00 [Error] asdlfjhasdljfh
2018-06-02 22:07:51.770 +02:00 [Error]    at ColourCoded.Security.API.Controllers.RolesController.Test() in C:\SourceControl\ColourCoded.Security.API\ColourCoded.Security.API\Controllers\RolesController.cs:line 27
   at lambda_method(Closure , Object , Object[] )
   at Microsoft.AspNetCore.Mvc.Internal.ControllerActionInvoker.<InvokeActionMethodAsync>d__12.MoveNext()
   at Microsoft.AspNetCore.Mvc.Internal.ControllerActionInvoker.<InvokeNextActionFilterAsync>d__10.MoveNext()
   at Microsoft.AspNetCore.Mvc.Internal.ControllerActionInvoker.Rethrow(ActionExecutedContext context)
   at Microsoft.AspNetCore.Mvc.Internal.ControllerActionInvoker.Next(State& next, Scope& scope, Object& state, Boolean& isCompleted)
   at Microsoft.AspNetCore.Mvc.Internal.ControllerActionInvoker.<InvokeInnerFilterAsync>d__14.MoveNext()
   at Microsoft.AspNetCore.Mvc.Internal.ResourceInvoker.<InvokeNextExceptionFilterAsync>d__23.MoveNext()
2018-06-02 22:08:20.596 +02:00 [Error] asdlfjhasdljfh
2018-06-02 22:08:20.599 +02:00 [Error]    at ColourCoded.Security.API.Controllers.RolesController.Test() in C:\SourceControl\ColourCoded.Security.API\ColourCoded.Security.API\Controllers\RolesController.cs:line 27
   at lambda_method(Closure , Object , Object[] )
   at Microsoft.AspNetCore.Mvc.Internal.ControllerActionInvoker.<InvokeActionMethodAsync>d__12.MoveNext()
   at Microsoft.AspNetCore.Mvc.Internal.ControllerActionInvoker.<InvokeNextActionFilterAsync>d__10.MoveNext()
   at Microsoft.AspNetCore.Mvc.Internal.ControllerActionInvoker.Rethrow(ActionExecutedContext context)
   at Microsoft.AspNetCore.Mvc.Internal.ControllerActionInvoker.Next(State& next, Scope& scope, Object& state, Boolean& isCompleted)
   at Microsoft.AspNetCore.Mvc.Internal.ControllerActionInvoker.<InvokeInnerFilterAsync>d__14.MoveNext()
   at Microsoft.AspNetCore.Mvc.Internal.ResourceInvoker.<InvokeNextExceptionFilterAsync>d__23.MoveNext()
2018-06-02 22:09:15.354 +02:00 [Information] Starting web host
2018-06-02 22:09:15.755 +02:00 [Warning] Using an in-memory repository. Keys will not be persisted to storage.
2018-06-02 22:09:15.757 +02:00 [Warning] Neither user profile nor HKLM registry available. Using an ephemeral key repository. Protected data will be unavailable when application exits.
2018-06-02 22:09:15.811 +02:00 [Warning] No XML encryptor configured. Key {2c3d31b1-ef27-4290-99f5-4b03edc955f3} may be persisted to storage in unencrypted form.
2018-06-02 22:30:52.868 +02:00 [Information] Starting web host
2018-06-02 22:32:08.411 +02:00 [Information] Starting web host
2018-06-02 22:48:27.482 +02:00 [Information] Starting web host
2018-06-02 22:48:27.839 +02:00 [Warning] Using an in-memory repository. Keys will not be persisted to storage.
2018-06-02 22:48:27.842 +02:00 [Warning] Neither user profile nor HKLM registry available. Using an ephemeral key repository. Protected data will be unavailable when application exits.
2018-06-02 22:48:27.891 +02:00 [Warning] No XML encryptor configured. Key {ad992971-e547-4e7a-8f87-0e87a9b3c83a} may be persisted to storage in unencrypted form.
2018-06-02 22:55:25.527 +02:00 [Information] Starting web host
2018-06-02 22:55:26.614 +02:00 [Warning] Using an in-memory repository. Keys will not be persisted to storage.
2018-06-02 22:55:26.617 +02:00 [Warning] Neither user profile nor HKLM registry available. Using an ephemeral key repository. Protected data will be unavailable when application exits.
2018-06-02 22:55:26.701 +02:00 [Warning] No XML encryptor configured. Key {8964b2a4-f7b9-4302-9aef-60192e144ec5} may be persisted to storage in unencrypted form.
2018-06-02 22:55:59.370 +02:00 [Information] Starting web host
2018-06-02 22:56:00.476 +02:00 [Warning] Using an in-memory repository. Keys will not be persisted to storage.
2018-06-02 22:56:00.478 +02:00 [Warning] Neither user profile nor HKLM registry available. Using an ephemeral key repository. Protected data will be unavailable when application exits.
2018-06-02 22:56:00.559 +02:00 [Warning] No XML encryptor configured. Key {f8c055ad-2b15-448c-8f0b-f3b87121ab2b} may be persisted to storage in unencrypted form.
2018-06-02 23:05:55.715 +02:00 [Information] Starting web host
2018-06-02 23:05:57.062 +02:00 [Warning] Using an in-memory repository. Keys will not be persisted to storage.
2018-06-02 23:05:57.064 +02:00 [Warning] Neither user profile nor HKLM registry available. Using an ephemeral key repository. Protected data will be unavailable when application exits.
2018-06-02 23:05:57.144 +02:00 [Warning] No XML encryptor configured. Key {09f4bf2d-77bb-412b-9e3c-d7ccf993d6eb} may be persisted to storage in unencrypted form.
2018-06-02 23:19:12.120 +02:00 [Information] Starting web host
2018-06-02 23:19:12.463 +02:00 [Warning] Using an in-memory repository. Keys will not be persisted to storage.
2018-06-02 23:19:12.465 +02:00 [Warning] Neither user profile nor HKLM registry available. Using an ephemeral key repository. Protected data will be unavailable when application exits.
2018-06-02 23:19:12.526 +02:00 [Warning] No XML encryptor configured. Key {dbf0007c-200b-4260-81c5-a136277b0e36} may be persisted to storage in unencrypted form.
2018-06-02 23:48:18.751 +02:00 [Information] Starting web host
2018-06-02 23:48:19.126 +02:00 [Warning] Using an in-memory repository. Keys will not be persisted to storage.
2018-06-02 23:48:19.129 +02:00 [Warning] Neither user profile nor HKLM registry available. Using an ephemeral key repository. Protected data will be unavailable when application exits.
2018-06-02 23:48:19.176 +02:00 [Warning] No XML encryptor configured. Key {f9a36ff3-955e-4313-91e7-0d62b869e34c} may be persisted to storage in unencrypted form.
2018-06-02 23:55:14.139 +02:00 [Information] Starting web host
2018-06-02 23:55:14.504 +02:00 [Warning] Using an in-memory repository. Keys will not be persisted to storage.
2018-06-02 23:55:14.506 +02:00 [Warning] Neither user profile nor HKLM registry available. Using an ephemeral key repository. Protected data will be unavailable when application exits.
2018-06-02 23:55:14.552 +02:00 [Warning] No XML encryptor configured. Key {cfb759de-defb-4088-a5a1-5badf0efcb0e} may be persisted to storage in unencrypted form.
2018-06-02 23:56:36.633 +02:00 [Information] Starting web host
2018-06-02 23:56:37.016 +02:00 [Warning] Using an in-memory repository. Keys will not be persisted to storage.
2018-06-02 23:56:37.019 +02:00 [Warning] Neither user profile nor HKLM registry available. Using an ephemeral key repository. Protected data will be unavailable when application exits.
2018-06-02 23:56:37.081 +02:00 [Warning] No XML encryptor configured. Key {4f5a8921-2b48-4f40-ae9a-33a28564a226} may be persisted to storage in unencrypted form.
