2018-06-09 00:48:03.142 +02:00 [Information] Starting web host
2018-06-09 00:48:05.142 +02:00 [Warning] Using an in-memory repository. Keys will not be persisted to storage.
2018-06-09 00:48:05.148 +02:00 [Warning] Neither user profile nor HKLM registry available. Using an ephemeral key repository. Protected data will be unavailable when application exits.
2018-06-09 00:48:05.356 +02:00 [Warning] No XML encryptor configured. Key {039470c8-8f61-43e4-b986-d9cf29ef393d} may be persisted to storage in unencrypted form.
2018-06-09 00:50:08.796 +02:00 [Information] Starting web host
2018-06-09 00:50:09.241 +02:00 [Warning] Using an in-memory repository. Keys will not be persisted to storage.
2018-06-09 00:50:09.243 +02:00 [Warning] Neither user profile nor HKLM registry available. Using an ephemeral key repository. Protected data will be unavailable when application exits.
2018-06-09 00:50:09.314 +02:00 [Warning] No XML encryptor configured. Key {111c0ad2-3428-4366-8b96-a8e9f4ea08b6} may be persisted to storage in unencrypted form.
2018-06-09 00:55:37.421 +02:00 [Information] Starting web host
2018-06-09 00:55:37.884 +02:00 [Warning] Using an in-memory repository. Keys will not be persisted to storage.
2018-06-09 00:55:37.888 +02:00 [Warning] Neither user profile nor HKLM registry available. Using an ephemeral key repository. Protected data will be unavailable when application exits.
2018-06-09 00:55:37.968 +02:00 [Warning] No XML encryptor configured. Key {3fc979ee-5255-467f-b63f-fdf3e3a4e794} may be persisted to storage in unencrypted form.
2018-06-09 00:55:40.578 +02:00 [Error] The property 'Userid' cannot be added to the type 'User' because there was no property type specified and there is no corresponding CLR property or field. To add a shadow state property the property type must be specified.
2018-06-09 00:55:40.639 +02:00 [Error]    at Microsoft.EntityFrameworkCore.Metadata.Internal.EntityType.AddProperty(String name, Type propertyType, MemberInfo memberInfo, ConfigurationSource configurationSource, Nullable`1 typeConfigurationSource)
   at Microsoft.EntityFrameworkCore.Metadata.Internal.EntityType.AddProperty(String name, Type propertyType, ConfigurationSource configurationSource, Nullable`1 typeConfigurationSource)
   at Microsoft.EntityFrameworkCore.Metadata.Internal.InternalEntityTypeBuilder.Property(Property existingProperty, String propertyName, Type propertyType, MemberInfo clrProperty, Nullable`1 configurationSource, Nullable`1 typeConfigurationSource)
   at Microsoft.EntityFrameworkCore.Metadata.Internal.InternalEntityTypeBuilder.Property(String propertyName, Type propertyType, MemberInfo memberInfo, Nullable`1 configurationSource, Nullable`1 typeConfigurationSource)
   at Microsoft.EntityFrameworkCore.Metadata.Internal.InternalEntityTypeBuilder.Property(String propertyName, ConfigurationSource configurationSource)
   at Microsoft.EntityFrameworkCore.Metadata.Builders.EntityTypeBuilder.Property(String propertyName)
   at ColourCoded.Security.API.Data.Entities.Login.UserMapping.Configure(EntityTypeBuilder`1 builder) in C:\SourceControl\ColourCoded.Security.API\ColourCoded.Security.API\Data\Entities\Login\UserMapping.cs:line 18
   at Microsoft.EntityFrameworkCore.ModelBuilder.ApplyConfiguration[TEntity](IEntityTypeConfiguration`1 configuration)
   at ColourCoded.Security.API.Data.SecurityContext.OnModelCreating(ModelBuilder modelBuilder) in C:\SourceControl\ColourCoded.Security.API\ColourCoded.Security.API\Data\SecurityContext.cs:line 22
   at Microsoft.EntityFrameworkCore.Infrastructure.ModelSource.CreateModel(DbContext context, IConventionSetBuilder conventionSetBuilder, IModelValidator validator)
   at System.Collections.Concurrent.ConcurrentDictionary`2.GetOrAdd(TKey key, Func`2 valueFactory)
   at Microsoft.EntityFrameworkCore.Internal.DbContextServices.CreateModel()
   at Microsoft.EntityFrameworkCore.Internal.DbContextServices.get_Model()
   at Microsoft.Extensions.DependencyInjection.ServiceLookup.CallSiteRuntimeResolver.VisitScoped(ScopedCallSite scopedCallSite, ServiceProvider provider)
   at Microsoft.Extensions.DependencyInjection.ServiceLookup.CallSiteRuntimeResolver.VisitConstructor(ConstructorCallSite constructorCallSite, ServiceProvider provider)
   at Microsoft.Extensions.DependencyInjection.ServiceLookup.CallSiteRuntimeResolver.VisitScoped(ScopedCallSite scopedCallSite, ServiceProvider provider)
   at Microsoft.Extensions.DependencyInjection.ServiceProviderServiceExtensions.GetRequiredService(IServiceProvider provider, Type serviceType)
   at Microsoft.Extensions.DependencyInjection.ServiceProviderServiceExtensions.GetRequiredService[T](IServiceProvider provider)
   at Microsoft.EntityFrameworkCore.DbContext.get_DbContextDependencies()
   at Microsoft.EntityFrameworkCore.DbContext.get_InternalServiceProvider()
   at Microsoft.EntityFrameworkCore.DbContext.get_DbContextDependencies()
   at Microsoft.EntityFrameworkCore.DbContext.get_Model()
   at Microsoft.EntityFrameworkCore.Internal.InternalDbSet`1.get_EntityType()
   at Microsoft.EntityFrameworkCore.Internal.InternalDbSet`1.get_EntityQueryable()
   at Microsoft.EntityFrameworkCore.Internal.InternalDbSet`1.System.Linq.IQueryable.get_Provider()
   at System.Linq.Queryable.FirstOrDefault[TSource](IQueryable`1 source, Expression`1 predicate)
   at ColourCoded.Security.API.Controllers.AuthenticateController.FindUsername(ValidateUserRequestModel requestModel) in C:\SourceControl\ColourCoded.Security.API\ColourCoded.Security.API\Controllers\AuthenticateController.cs:line 127
   at lambda_method(Closure , Object , Object[] )
   at Microsoft.AspNetCore.Mvc.Internal.ControllerActionInvoker.<InvokeActionMethodAsync>d__12.MoveNext()
   at Microsoft.AspNetCore.Mvc.Internal.ControllerActionInvoker.<InvokeNextActionFilterAsync>d__10.MoveNext()
   at Microsoft.AspNetCore.Mvc.Internal.ControllerActionInvoker.Rethrow(ActionExecutedContext context)
   at Microsoft.AspNetCore.Mvc.Internal.ControllerActionInvoker.Next(State& next, Scope& scope, Object& state, Boolean& isCompleted)
   at Microsoft.AspNetCore.Mvc.Internal.ControllerActionInvoker.<InvokeInnerFilterAsync>d__14.MoveNext()
   at Microsoft.AspNetCore.Mvc.Internal.ResourceInvoker.<InvokeNextExceptionFilterAsync>d__23.MoveNext()
2018-06-09 00:56:10.296 +02:00 [Information] Starting web host
2018-06-09 00:56:10.701 +02:00 [Warning] Using an in-memory repository. Keys will not be persisted to storage.
2018-06-09 00:56:10.704 +02:00 [Warning] Neither user profile nor HKLM registry available. Using an ephemeral key repository. Protected data will be unavailable when application exits.
2018-06-09 00:56:10.762 +02:00 [Warning] No XML encryptor configured. Key {7d63adf9-78f5-49f5-a571-e5a7f6522ed6} may be persisted to storage in unencrypted form.
2018-06-09 00:57:31.109 +02:00 [Information] Starting web host
2018-06-09 00:57:31.512 +02:00 [Warning] Using an in-memory repository. Keys will not be persisted to storage.
2018-06-09 00:57:31.514 +02:00 [Warning] Neither user profile nor HKLM registry available. Using an ephemeral key repository. Protected data will be unavailable when application exits.
2018-06-09 00:57:31.575 +02:00 [Warning] No XML encryptor configured. Key {55d53914-c10c-4d3d-87df-9178f3daa547} may be persisted to storage in unencrypted form.
2018-06-09 01:00:30.534 +02:00 [Information] Starting web host
2018-06-09 01:00:31.970 +02:00 [Warning] Using an in-memory repository. Keys will not be persisted to storage.
2018-06-09 01:00:31.974 +02:00 [Warning] Neither user profile nor HKLM registry available. Using an ephemeral key repository. Protected data will be unavailable when application exits.
2018-06-09 01:00:32.062 +02:00 [Warning] No XML encryptor configured. Key {bfec181f-f538-4111-80b4-822a840994eb} may be persisted to storage in unencrypted form.
2018-06-09 01:03:52.979 +02:00 [Information] Starting web host
2018-06-09 01:03:53.380 +02:00 [Warning] Using an in-memory repository. Keys will not be persisted to storage.
2018-06-09 01:03:53.383 +02:00 [Warning] Neither user profile nor HKLM registry available. Using an ephemeral key repository. Protected data will be unavailable when application exits.
2018-06-09 01:03:53.438 +02:00 [Warning] No XML encryptor configured. Key {7d7ba880-1580-4252-8f37-3a98a8f9ca5f} may be persisted to storage in unencrypted form.
2018-06-09 11:27:03.301 +02:00 [Information] Starting web host
2018-06-09 11:27:03.853 +02:00 [Warning] Using an in-memory repository. Keys will not be persisted to storage.
2018-06-09 11:27:03.855 +02:00 [Warning] Neither user profile nor HKLM registry available. Using an ephemeral key repository. Protected data will be unavailable when application exits.
2018-06-09 11:27:03.919 +02:00 [Warning] No XML encryptor configured. Key {63aa4803-0985-41d7-959a-1b588222a7d2} may be persisted to storage in unencrypted form.
2018-06-09 11:27:34.303 +02:00 [Information] Starting web host
2018-06-09 11:27:34.818 +02:00 [Warning] Using an in-memory repository. Keys will not be persisted to storage.
2018-06-09 11:27:34.821 +02:00 [Warning] Neither user profile nor HKLM registry available. Using an ephemeral key repository. Protected data will be unavailable when application exits.
2018-06-09 11:27:34.885 +02:00 [Warning] No XML encryptor configured. Key {40ee2fd1-80bf-4d26-bfd3-68f516a5226a} may be persisted to storage in unencrypted form.
2018-06-09 11:27:58.502 +02:00 [Information] Starting web host
2018-06-09 11:28:00.145 +02:00 [Warning] Using an in-memory repository. Keys will not be persisted to storage.
2018-06-09 11:28:00.147 +02:00 [Warning] Neither user profile nor HKLM registry available. Using an ephemeral key repository. Protected data will be unavailable when application exits.
2018-06-09 11:28:00.225 +02:00 [Warning] No XML encryptor configured. Key {2762aff4-c7c7-471a-918b-d49206890c7c} may be persisted to storage in unencrypted form.
2018-06-09 11:29:06.413 +02:00 [Error] The input is not a valid Base-64 string as it contains a non-base 64 character, more than two padding characters, or an illegal character among the padding characters.
2018-06-09 11:29:06.490 +02:00 [Error]    at System.Convert.FromBase64_Decode(Char* startInputPtr, Int32 inputLength, Byte* startDestPtr, Int32 destLength)
   at System.Convert.FromBase64CharPtr(Char* inputPtr, Int32 inputLength)
   at System.Convert.FromBase64String(String s)
   at ColourCoded.Security.API.Shared.SecurityHelper.SaltedHashAlgorithm(String value, String saltValue, Int32 keyIterations) in C:\SourceControl\ColourCoded.Security.API\ColourCoded.Security.API\Shared\SecurityHelper.cs:line 19
   at ColourCoded.Security.API.Controllers.AuthenticateController.Register(RegisterUserRequestModel requestModel) in C:\SourceControl\ColourCoded.Security.API\ColourCoded.Security.API\Controllers\AuthenticateController.cs:line 43
   at lambda_method(Closure , Object , Object[] )
   at Microsoft.AspNetCore.Mvc.Internal.ControllerActionInvoker.<InvokeActionMethodAsync>d__12.MoveNext()
   at Microsoft.AspNetCore.Mvc.Internal.ControllerActionInvoker.<InvokeNextActionFilterAsync>d__10.MoveNext()
   at Microsoft.AspNetCore.Mvc.Internal.ControllerActionInvoker.Rethrow(ActionExecutedContext context)
   at Microsoft.AspNetCore.Mvc.Internal.ControllerActionInvoker.Next(State& next, Scope& scope, Object& state, Boolean& isCompleted)
   at Microsoft.AspNetCore.Mvc.Internal.ControllerActionInvoker.<InvokeInnerFilterAsync>d__14.MoveNext()
   at Microsoft.AspNetCore.Mvc.Internal.ResourceInvoker.<InvokeNextExceptionFilterAsync>d__23.MoveNext()
2018-06-09 11:31:49.849 +02:00 [Information] Starting web host
2018-06-09 11:31:50.407 +02:00 [Warning] Using an in-memory repository. Keys will not be persisted to storage.
2018-06-09 11:31:50.411 +02:00 [Warning] Neither user profile nor HKLM registry available. Using an ephemeral key repository. Protected data will be unavailable when application exits.
2018-06-09 11:31:50.476 +02:00 [Warning] No XML encryptor configured. Key {6b996d87-0ef4-4575-9c16-3d3299aa038a} may be persisted to storage in unencrypted form.
2018-06-09 11:32:05.762 +02:00 [Information] Starting web host
2018-06-09 11:32:06.939 +02:00 [Warning] Using an in-memory repository. Keys will not be persisted to storage.
2018-06-09 11:32:06.942 +02:00 [Warning] Neither user profile nor HKLM registry available. Using an ephemeral key repository. Protected data will be unavailable when application exits.
2018-06-09 11:32:07.051 +02:00 [Warning] No XML encryptor configured. Key {9303d864-b808-4c29-b0e5-55f555c6db97} may be persisted to storage in unencrypted form.
2018-06-09 11:54:48.078 +02:00 [Information] Starting web host
2018-06-09 11:54:48.617 +02:00 [Warning] Using an in-memory repository. Keys will not be persisted to storage.
2018-06-09 11:54:48.620 +02:00 [Warning] Neither user profile nor HKLM registry available. Using an ephemeral key repository. Protected data will be unavailable when application exits.
2018-06-09 11:54:48.683 +02:00 [Warning] No XML encryptor configured. Key {2c30a238-3636-4e6d-ab9a-9160aae7050b} may be persisted to storage in unencrypted form.
2018-06-09 11:55:05.810 +02:00 [Information] Starting web host
2018-06-09 11:55:07.079 +02:00 [Warning] Using an in-memory repository. Keys will not be persisted to storage.
2018-06-09 11:55:07.082 +02:00 [Warning] Neither user profile nor HKLM registry available. Using an ephemeral key repository. Protected data will be unavailable when application exits.
2018-06-09 11:55:07.164 +02:00 [Warning] No XML encryptor configured. Key {053bfb6d-13ac-4f1b-bee4-2999f6b05d59} may be persisted to storage in unencrypted form.
2018-06-09 12:44:22.559 +02:00 [Information] Starting web host
2018-06-09 12:44:22.964 +02:00 [Warning] Using an in-memory repository. Keys will not be persisted to storage.
2018-06-09 12:44:22.968 +02:00 [Warning] Neither user profile nor HKLM registry available. Using an ephemeral key repository. Protected data will be unavailable when application exits.
2018-06-09 12:44:23.024 +02:00 [Warning] No XML encryptor configured. Key {5e06fb6c-527c-4c63-93f9-fbb44faafdfe} may be persisted to storage in unencrypted form.
2018-06-09 12:44:24.449 +02:00 [Error] Unable to resolve service for type 'ColourCoded.Security.API.Shared.ISecurityHelper' while attempting to activate 'ColourCoded.Security.API.Controllers.AuthenticateController'.
2018-06-09 12:44:24.486 +02:00 [Error]    at Microsoft.Extensions.DependencyInjection.ActivatorUtilities.GetService(IServiceProvider sp, Type type, Type requiredBy, Boolean isDefaultParameterRequired)
   at lambda_method(Closure , IServiceProvider , Object[] )
   at Microsoft.AspNetCore.Mvc.Controllers.ControllerFactoryProvider.<>c__DisplayClass5_0.<CreateControllerFactory>g__CreateController|0(ControllerContext controllerContext)
   at Microsoft.AspNetCore.Mvc.Internal.ControllerActionInvoker.Next(State& next, Scope& scope, Object& state, Boolean& isCompleted)
   at Microsoft.AspNetCore.Mvc.Internal.ControllerActionInvoker.<InvokeInnerFilterAsync>d__14.MoveNext()
   at Microsoft.AspNetCore.Mvc.Internal.ResourceInvoker.<InvokeNextExceptionFilterAsync>d__23.MoveNext()
2018-06-09 12:46:35.375 +02:00 [Information] Starting web host
2018-06-09 12:46:35.801 +02:00 [Warning] Using an in-memory repository. Keys will not be persisted to storage.
2018-06-09 12:46:35.804 +02:00 [Warning] Neither user profile nor HKLM registry available. Using an ephemeral key repository. Protected data will be unavailable when application exits.
2018-06-09 12:46:35.868 +02:00 [Warning] No XML encryptor configured. Key {1e4ee944-e5c3-4ccf-9893-753daf3f7b6f} may be persisted to storage in unencrypted form.
2018-06-09 21:21:36.435 +02:00 [Information] Starting web host
2018-06-09 21:21:36.973 +02:00 [Warning] Using an in-memory repository. Keys will not be persisted to storage.
2018-06-09 21:21:36.976 +02:00 [Warning] Neither user profile nor HKLM registry available. Using an ephemeral key repository. Protected data will be unavailable when application exits.
2018-06-09 21:21:37.040 +02:00 [Warning] No XML encryptor configured. Key {f1c7da9f-ebee-4ef2-afc2-328489111c2d} may be persisted to storage in unencrypted form.
2018-06-09 22:43:46.038 +02:00 [Information] Starting web host
2018-06-09 22:43:46.439 +02:00 [Warning] Using an in-memory repository. Keys will not be persisted to storage.
2018-06-09 22:43:46.441 +02:00 [Warning] Neither user profile nor HKLM registry available. Using an ephemeral key repository. Protected data will be unavailable when application exits.
2018-06-09 22:43:46.488 +02:00 [Warning] No XML encryptor configured. Key {87d944cf-4518-4d2d-b843-04838ddd8f5b} may be persisted to storage in unencrypted form.
